
ROM used: 942 (11%)
          942 (11%) including unused fragments

          1 Average locations per line
          3 Average locations per statement

RAM used: 10 (3%) at main() level
          17 (5%) worst case

Stack used: 5 worst case (out of 8 total available)

Lines Stmts  %   Files
----- ----- ---  -----
  300   210  77  rastreador.c
  281     0   0  C:\Program Files\PICC\devices\16F877.h
  178    63  23  C:\Program Files\PICC\drivers\LCD.c
----- -----
  759   273 Total

Page ROM  %  RAM   Vol Diff  Functions:
---- --- --- ---   --- ----  ----------
0     21   2   1             @delay_ms1
0     20   2   1             @delay_us1
0      8   1   0             @const52
 Inline        3   463  4.3  lcd_read_byte
0     12   1   1   134  2.2  lcd_send_nibble
0     58   6   3   317  4.3  lcd_send_byte
0     44   5   2   422  4.7  lcd_init
0     18   2   4   186  5.5  lcd_gotoxy
0     37   4   1   272  4.1  lcd_putc
0    205  22   2  2346  4.4  linea_2
0     10   1   0             @const94
0     12   1   0             @const96
0     13   1   0             @const98
0     14   1   0             @const100
0     15   2   0             @const102
0    411  44   4  5965  4.5  MAIN
0     21   2   0             @const116
0     19   2   0             @const118

Program metrics:
    Functions               8
    Statements              273
    Comments                141
    Volume (V)              13034
    Difficilty (D)          34.2
    Effort to implement (E) 445174
    Time to implement (T)   6 hours, 52 minutes
    Est Delivered Bugs (B)  2
    Cyclomatic Complexity   25
    Maintainability (MI)    86

 Segment     Used  Free
-----------  ----  ----
00000-00003     4  0  
00004-007FF   938  1106  
00800-00FFF     0  2048  
01000-017FF     0  2048  
01800-01FFF     0  2048  



