
ROM used: 69 (1%)
          69 (1%) including unused fragments

          0 Average locations per line
          4 Average locations per statement

RAM used: 8 (2%) at main() level
          8 (2%) worst case

Stack used: 0 worst case (out of 8 total available)

Lines Stmts  %   Files
----- ----- ---  -----
   42    19 100  siguelineas_basico.c
  281     0   0  ..\..\..\..\..\Program Files\PICC\devices\16F877.h
----- -----
  323    19 Total

Page ROM  %  RAM   Vol Diff  Functions:
---- --- --- ---   --- ----  ----------
0     65  94   2   459  3.3  main

Program metrics:
    Functions               1
    Statements              19
    Comments                67
    Volume (V)              459
    Difficilty (D)          3.3
    Effort to implement (E) 1518
    Time to implement (T)   1 minutes
    Est Delivered Bugs (B)  0
    Cyclomatic Complexity   1
    Maintainability (MI)    97

 Segment     Used  Free
-----------  ----  ----
00000-00003     4  0  
00004-007FF    65  1979  
00800-00FFF     0  2048  
01000-017FF     0  2048  
01800-01FFF     0  2048  



