CCS PCM C Compiler, Version 4.038, 52178               23-feb-12 20:22

               Filename: C:\Users\javivi\Desktop\rastreador final\programa\siguelineas prueba.lst

               ROM used: 283 words (3%)
                         Largest free fragment is 2048
               RAM used: 7 (2%) at main() level
                         17 (5%) worst case
               Stack:    4 locations

*
0000:  MOVLW  00
0001:  MOVWF  0A
0002:  GOTO   0D5
0003:  NOP
....................  
....................  
.................... # include <16F877.h> 
.................... //////// Standard Header file for the PIC16F877 device //////////////// 
.................... #device PIC16F877 
.................... #list 
....................  
.................... # use delay (clock=4000000) 
0017:  MOVLW  23
0018:  MOVWF  04
0019:  BCF    03.7
001A:  MOVF   00,W
001B:  BTFSC  03.2
001C:  GOTO   02B
001D:  MOVLW  01
001E:  MOVWF  78
001F:  CLRF   77
0020:  DECFSZ 77,F
0021:  GOTO   020
0022:  DECFSZ 78,F
0023:  GOTO   01F
0024:  MOVLW  4A
0025:  MOVWF  77
0026:  DECFSZ 77,F
0027:  GOTO   026
0028:  GOTO   029
0029:  DECFSZ 00,F
002A:  GOTO   01D
002B:  RETLW  00
.................... # fuses XT, NOWDT, NOPUT, NOPROTECT 
.................... #include <LCD.C> 
.................... /////////////////////////////////////////////////////////////////////////// 
.................... ////                             LCDD.C                                //// 
.................... ////                 Driver for common LCD modules                     //// 
.................... ////                                                                   //// 
.................... ////  lcd_init()   Must be called before any other function.           //// 
.................... ////                                                                   //// 
.................... ////  lcd_putc(c)  Will display c on the next position of the LCD.     //// 
.................... ////                     The following have special meaning:           //// 
.................... ////                      \f  Clear display                            //// 
.................... ////                      \n  Go to start of second line               //// 
.................... ////                      \b  Move back one position                   //// 
.................... ////                                                                   //// 
.................... ////  lcd_gotoxy(x,y) Set write position on LCD (upper left is 1,1)    //// 
.................... ////                                                                   //// 
.................... ////  lcd_getc(x,y)   Returns character at position x,y on LCD         //// 
.................... ////                                                                   //// 
.................... /////////////////////////////////////////////////////////////////////////// 
.................... ////        (C) Copyright 1996,2003 Custom Computer Services           //// 
.................... //// This source code may only be used by licensed users of the CCS C  //// 
.................... //// compiler.  This source code may only be distributed to other      //// 
.................... //// licensed users of the CCS C compiler.  No other use, reproduction //// 
.................... //// or distribution is permitted without written permission.          //// 
.................... //// Derivative programs created using this software in object code    //// 
.................... //// form are not restricted in any way.                               //// 
.................... /////////////////////////////////////////////////////////////////////////// 
....................  
.................... // As defined in the following structure the pin connection is as follows: 
.................... //     D0  enable 
.................... //     D1  rs 
.................... //     D2  rw 
.................... //     D4  D4 
.................... //     D5  D5 
.................... //     D6  D6 
.................... //     D7  D7 
.................... // 
.................... //   LCD pins D0-D3 are not used and PIC D3 is not used. 
....................  
.................... // Un-comment the following define to use port B 
.................... // #define use_portb_lcd TRUE 
....................  
....................  
.................... struct lcd_pin_map {                 // This structure is overlayed 
....................            BOOLEAN enable;           // on to an I/O port to gain 
....................            BOOLEAN rs;               // access to the LCD pins. 
....................            BOOLEAN rw;               // The bits are allocated from 
....................            BOOLEAN unused;           // low order up.  ENABLE will 
....................            int     data : 4;         // be pin B0. 
....................         } lcd; 
....................  
....................  
.................... #if defined use_portb_lcd 
....................    //#locate lcd = getenv("sfr:PORTB")    // This puts the entire structure over the port 
....................    #ifdef __pch__ 
....................     #locate lcd = 0xf81 
....................    #else 
....................     #locate lcd = 6 
....................    #endif 
....................    #define set_tris_lcd(x) set_tris_b(x) 
.................... #else 
....................    //#locate lcd = getenv("sfr:PORTD")    // This puts the entire structure over the port 
....................    #ifdef __pch__ 
....................     #locate lcd = 0xf83 
....................    #else 
....................     #locate lcd = 8 
....................    #endif 
....................    #define set_tris_lcd(x) set_tris_d(x) 
.................... #endif 
....................  
....................  
.................... #define lcd_type 2           // 0=5x7, 1=5x10, 2=2 lines 
.................... #define lcd_line_two 0x40    // LCD RAM address for the second line 
....................  
....................  
.................... BYTE const LCD_INIT_STRING[4] = {0x20 | (lcd_type << 2), 0xc, 1, 6}; 
....................                              // These bytes need to be sent to the LCD 
....................                              // to start it up. 
....................  
....................  
....................                              // The following are used for setting 
....................                              // the I/O port direction register. 
....................  
.................... struct lcd_pin_map const LCD_WRITE = {0,0,0,0,0}; // For write mode all pins are out 
.................... struct lcd_pin_map const LCD_READ = {0,0,0,0,15}; // For read mode data pins are in 
....................  
....................  
....................  
.................... BYTE lcd_read_byte() { 
....................       BYTE low,high; 
....................       set_tris_lcd(LCD_READ); 
*
0039:  MOVLW  F0
003A:  BSF    03.5
003B:  MOVWF  08
....................       lcd.rw = 1; 
003C:  BCF    03.5
003D:  BSF    08.2
....................       delay_cycles(1); 
003E:  NOP
....................       lcd.enable = 1; 
003F:  BSF    08.0
....................       delay_cycles(1); 
0040:  NOP
....................       high = lcd.data; 
0041:  MOVF   08,W
0042:  SWAPF  08,W
0043:  ANDLW  0F
0044:  MOVWF  2A
....................       lcd.enable = 0; 
0045:  BCF    08.0
....................       delay_cycles(1); 
0046:  NOP
....................       lcd.enable = 1; 
0047:  BSF    08.0
....................       delay_us(1); 
0048:  NOP
....................       low = lcd.data; 
0049:  MOVF   08,W
004A:  SWAPF  08,W
004B:  ANDLW  0F
004C:  MOVWF  29
....................       lcd.enable = 0; 
004D:  BCF    08.0
....................       set_tris_lcd(LCD_WRITE); 
004E:  MOVLW  00
004F:  BSF    03.5
0050:  MOVWF  08
....................       return( (high<<4) | low); 
0051:  BCF    03.5
0052:  SWAPF  2A,W
0053:  MOVWF  77
0054:  MOVLW  F0
0055:  ANDWF  77,F
0056:  MOVF   77,W
0057:  IORWF  29,W
0058:  MOVWF  78
.................... } 
....................  
....................  
.................... void lcd_send_nibble( BYTE n ) { 
....................       lcd.data = n; 
*
002C:  SWAPF  2A,W
002D:  ANDLW  F0
002E:  MOVWF  77
002F:  MOVLW  0F
0030:  ANDWF  08,W
0031:  IORWF  77,W
0032:  MOVWF  08
....................       delay_cycles(1); 
0033:  NOP
....................       lcd.enable = 1; 
0034:  BSF    08.0
....................       delay_us(2); 
0035:  GOTO   036
....................       lcd.enable = 0; 
0036:  BCF    08.0
.................... } 
0037:  RETLW  00
....................  
....................  
.................... void lcd_send_byte( BYTE address, BYTE n ) { 
....................  
....................       lcd.rs = 0; 
0038:  BCF    08.1
....................       while ( bit_test(lcd_read_byte(),7) ) ; 
*
0059:  MOVF   78,W
005A:  MOVWF  29
005B:  BTFSC  29.7
005C:  GOTO   039
....................       lcd.rs = address; 
005D:  BTFSS  27.0
005E:  BCF    08.1
005F:  BTFSC  27.0
0060:  BSF    08.1
....................       delay_cycles(1); 
0061:  NOP
....................       lcd.rw = 0; 
0062:  BCF    08.2
....................       delay_cycles(1); 
0063:  NOP
....................       lcd.enable = 0; 
0064:  BCF    08.0
....................       lcd_send_nibble(n >> 4); 
0065:  SWAPF  28,W
0066:  MOVWF  29
0067:  MOVLW  0F
0068:  ANDWF  29,F
0069:  MOVF   29,W
006A:  MOVWF  2A
006B:  CALL   02C
....................       lcd_send_nibble(n & 0xf); 
006C:  MOVF   28,W
006D:  ANDLW  0F
006E:  MOVWF  29
006F:  MOVWF  2A
0070:  CALL   02C
.................... } 
0071:  RETLW  00
....................  
....................  
.................... void lcd_init() { 
....................     BYTE i; 
....................     set_tris_lcd(LCD_WRITE); 
0072:  MOVLW  00
0073:  BSF    03.5
0074:  MOVWF  08
....................     lcd.rs = 0; 
0075:  BCF    03.5
0076:  BCF    08.1
....................     lcd.rw = 0; 
0077:  BCF    08.2
....................     lcd.enable = 0; 
0078:  BCF    08.0
....................     delay_ms(15); 
0079:  MOVLW  0F
007A:  MOVWF  23
007B:  CALL   017
....................     for(i=1;i<=3;++i) { 
007C:  MOVLW  01
007D:  MOVWF  21
007E:  MOVF   21,W
007F:  SUBLW  03
0080:  BTFSS  03.0
0081:  GOTO   08A
....................        lcd_send_nibble(3); 
0082:  MOVLW  03
0083:  MOVWF  2A
0084:  CALL   02C
....................        delay_ms(5); 
0085:  MOVLW  05
0086:  MOVWF  23
0087:  CALL   017
....................     } 
0088:  INCF   21,F
0089:  GOTO   07E
....................     lcd_send_nibble(2); 
008A:  MOVLW  02
008B:  MOVWF  2A
008C:  CALL   02C
....................     for(i=0;i<=3;++i) 
008D:  CLRF   21
008E:  MOVF   21,W
008F:  SUBLW  03
0090:  BTFSS  03.0
0091:  GOTO   09B
....................        lcd_send_byte(0,LCD_INIT_STRING[i]); 
0092:  MOVF   21,W
0093:  CALL   004
0094:  MOVWF  22
0095:  CLRF   27
0096:  MOVF   22,W
0097:  MOVWF  28
0098:  CALL   038
0099:  INCF   21,F
009A:  GOTO   08E
.................... } 
009B:  BCF    0A.3
009C:  BCF    0A.4
009D:  GOTO   0E0 (RETURN)
....................  
....................  
.................... void lcd_gotoxy( BYTE x, BYTE y) { 
....................    BYTE address; 
....................  
....................    if(y!=1) 
009E:  DECFSZ 24,W
009F:  GOTO   0A1
00A0:  GOTO   0A4
....................      address=lcd_line_two; 
00A1:  MOVLW  40
00A2:  MOVWF  25
....................    else 
00A3:  GOTO   0A5
....................      address=0; 
00A4:  CLRF   25
....................    address+=x-1; 
00A5:  MOVLW  01
00A6:  SUBWF  23,W
00A7:  ADDWF  25,F
....................    lcd_send_byte(0,0x80|address); 
00A8:  MOVF   25,W
00A9:  IORLW  80
00AA:  MOVWF  26
00AB:  CLRF   27
00AC:  MOVF   26,W
00AD:  MOVWF  28
00AE:  CALL   038
.................... } 
00AF:  RETLW  00
....................  
.................... void lcd_putc( char c) { 
....................    switch (c) { 
00B0:  MOVF   22,W
00B1:  XORLW  0C
00B2:  BTFSC  03.2
00B3:  GOTO   0BB
00B4:  XORLW  06
00B5:  BTFSC  03.2
00B6:  GOTO   0C3
00B7:  XORLW  02
00B8:  BTFSC  03.2
00B9:  GOTO   0C9
00BA:  GOTO   0CE
....................      case '\f'   : lcd_send_byte(0,1); 
00BB:  CLRF   27
00BC:  MOVLW  01
00BD:  MOVWF  28
00BE:  CALL   038
....................                    delay_ms(2); 
00BF:  MOVLW  02
00C0:  MOVWF  23
00C1:  CALL   017
....................                                            break; 
00C2:  GOTO   0D4
....................      case '\n'   : lcd_gotoxy(1,2);        break; 
00C3:  MOVLW  01
00C4:  MOVWF  23
00C5:  MOVLW  02
00C6:  MOVWF  24
00C7:  CALL   09E
00C8:  GOTO   0D4
....................      case '\b'   : lcd_send_byte(0,0x10);  break; 
00C9:  CLRF   27
00CA:  MOVLW  10
00CB:  MOVWF  28
00CC:  CALL   038
00CD:  GOTO   0D4
....................      default     : lcd_send_byte(1,c);     break; 
00CE:  MOVLW  01
00CF:  MOVWF  27
00D0:  MOVF   22,W
00D1:  MOVWF  28
00D2:  CALL   038
00D3:  GOTO   0D4
....................    } 
.................... } 
00D4:  RETLW  00
....................  
.................... char lcd_getc( BYTE x, BYTE y) { 
....................    char value; 
....................  
....................     lcd_gotoxy(x,y); 
....................     while ( bit_test(lcd_read_byte(),7) ); // wait until busy flag is low 
....................     lcd.rs=1; 
....................     value = lcd_read_byte(); 
....................     lcd.rs=0; 
....................     return(value); 
.................... } 
....................  
.................... #byte puerto_b=6 
.................... #byte tris_b=0x86 
....................  
....................  
....................  
.................... void main() 
.................... { 
00D5:  CLRF   04
00D6:  BCF    03.7
00D7:  MOVLW  1F
00D8:  ANDWF  03,F
00D9:  BSF    03.5
00DA:  BSF    1F.0
00DB:  BSF    1F.1
00DC:  BSF    1F.2
00DD:  BCF    1F.3
....................    lcd_init(); 
00DE:  BCF    03.5
00DF:  GOTO   072
....................    tris_b=0b00000000;//designamos todo el puerto b como salida  
00E0:  BSF    03.5
00E1:  CLRF   06
....................     
....................    printf(lcd_putc,"\f"); 
00E2:  MOVLW  0C
00E3:  BCF    03.5
00E4:  MOVWF  22
00E5:  CALL   0B0
....................    lcd_gotoxy(1,1); //posicionar el caracter en la primera columna y la 1ª fila 
00E6:  MOVLW  01
00E7:  MOVWF  23
00E8:  MOVWF  24
00E9:  CALL   09E
....................    printf(lcd_putc,"\PRUEBA"); 
00EA:  CLRF   21
00EB:  MOVF   21,W
00EC:  CALL   00C
00ED:  INCF   21,F
00EE:  MOVWF  77
00EF:  MOVWF  22
00F0:  CALL   0B0
00F1:  MOVLW  06
00F2:  SUBWF  21,W
00F3:  BTFSS  03.2
00F4:  GOTO   0EB
....................  
....................    while(TRUE) 
....................    { 
....................       
....................          output_b(0b00011110); 
00F5:  BSF    03.5
00F6:  CLRF   06
00F7:  MOVLW  1E
00F8:  BCF    03.5
00F9:  MOVWF  06
....................          delay_ms(2000); 
00FA:  MOVLW  08
00FB:  MOVWF  21
00FC:  MOVLW  FA
00FD:  MOVWF  23
00FE:  CALL   017
00FF:  DECFSZ 21,F
0100:  GOTO   0FC
....................          output_b(0b00010110); 
0101:  BSF    03.5
0102:  CLRF   06
0103:  MOVLW  16
0104:  BCF    03.5
0105:  MOVWF  06
....................          delay_ms(2000); 
0106:  MOVLW  08
0107:  MOVWF  21
0108:  MOVLW  FA
0109:  MOVWF  23
010A:  CALL   017
010B:  DECFSZ 21,F
010C:  GOTO   108
....................          output_b(0b00001110); 
010D:  BSF    03.5
010E:  CLRF   06
010F:  MOVLW  0E
0110:  BCF    03.5
0111:  MOVWF  06
....................          delay_ms(2000); 
0112:  MOVLW  08
0113:  MOVWF  21
0114:  MOVLW  FA
0115:  MOVWF  23
0116:  CALL   017
0117:  DECFSZ 21,F
0118:  GOTO   114
....................  
....................              
....................    } 
0119:  GOTO   0F5
....................       
.................... } 
011A:  SLEEP

Configuration Fuses:
   Word  1: 3F79   XT NOWDT NOPUT NOPROTECT BROWNOUT NOLVP NOCPD NOWRT NODEBUG
