
ROM used: 284 (3%)
          284 (3%) including unused fragments

          1 Average locations per line
          4 Average locations per statement

RAM used: 7 (2%) at main() level
          17 (5%) worst case

Stack used: 4 worst case (out of 8 total available)

Lines Stmts  %   Files
----- ----- ---  -----
   33    13  17  siguelineas prueba2.c
  281     0   0  ..\..\..\..\..\Program Files\PICC\devices\16F877.h
  178    63  83  ..\..\..\..\..\Program Files\PICC\drivers\LCD.C
----- -----
  492    76 Total

Page ROM  %  RAM   Vol Diff  Functions:
---- --- --- ---   --- ----  ----------
0     21   7   1             @delay_ms1
0      8   3   0             @const52
 Inline        3   463  4.3  lcd_read_byte
0     12   4   1   134  2.2  lcd_send_nibble
0     58  20   3   317  4.3  lcd_send_byte
0     44  15   2   422  4.7  lcd_init
0     18   6   4   186  5.5  lcd_gotoxy
0     37  13   1   272  4.1  lcd_putc
0     71  25   1   280  2.7  MAIN
0     11   4   0             @const83

Program metrics:
    Functions               7
    Statements              76
    Comments                119
    Volume (V)              3168
    Difficilty (D)          27.3
    Effort to implement (E) 86340
    Time to implement (T)   1 hours, 20 minutes
    Est Delivered Bugs (B)  1
    Cyclomatic Complexity   7
    Maintainability (MI)    106

 Segment     Used  Free
-----------  ----  ----
00000-00003     4  0  
00004-007FF   280  1764  
00800-00FFF     0  2048  
01000-017FF     0  2048  
01800-01FFF     0  2048  



