
ROM used: 831 (10%)
          831 (10%) including unused fragments

          1 Average locations per line
          3 Average locations per statement

RAM used: 10 (3%) at main() level
          17 (5%) worst case

Stack used: 5 worst case (out of 8 total available)

Lines Stmts  %   Files
----- ----- ---  -----
  274   178  74  siguelineas.c
  281     0   0  ..\..\..\..\..\Program Files\PICC\devices\16F877.h
  178    63  26  ..\..\..\..\..\Program Files\PICC\drivers\LCD.c
----- -----
  733   241 Total

Page ROM  %  RAM   Vol Diff  Functions:
---- --- --- ---   --- ----  ----------
0     21   3   1             @delay_ms1
0      8   1   0             @const52
 Inline        3   463  4.3  lcd_read_byte
0     12   1   1   134  2.2  lcd_send_nibble
0     58   7   3   317  4.3  lcd_send_byte
0     44   5   2   422  4.7  lcd_init
0     18   2   4   186  5.5  lcd_gotoxy
0     37   4   1   272  4.1  lcd_putc
0    175  21   2  1999  4.4  linea_2
0     11   1   0             @const94
0     12   1   0             @const96
0     13   2   0             @const98
0     14   2   0             @const100
0     15   2   0             @const102
0    339  41   4  5101  4.5  MAIN
0     10   1   0             @const106
0     21   3   0             @const116
0     19   2   0             @const118

Program metrics:
    Functions               8
    Statements              241
    Comments                141
    Volume (V)              11652
    Difficilty (D)          34.0
    Effort to implement (E) 396291
    Time to implement (T)   6 hours, 7 minutes
    Est Delivered Bugs (B)  2
    Cyclomatic Complexity   25
    Maintainability (MI)    88

 Segment     Used  Free
-----------  ----  ----
00000-00003     4  0  
00004-007FF   827  1217  
00800-00FFF     0  2048  
01000-017FF     0  2048  
01800-01FFF     0  2048  



